TN:
SF:/Users/andrevale/node/gherkish/src/index.js
FNF:0
FNH:0
DA:1,3
DA:3,3
LF:2
LH:2
BRF:0
BRH:0
end_of_record
TN:
SF:/Users/andrevale/node/gherkish/src/it.js
FN:1,(anonymous_0)
FNF:1
FNH:1
FNDA:4,(anonymous_0)
DA:1,4
DA:2,4
LF:2
LH:2
BRDA:2,0,0,4
BRDA:2,0,1,2
BRF:2
BRH:2
end_of_record
TN:
SF:/Users/andrevale/node/gherkish/src/parse.js
FN:1,parse
FN:9,(anonymous_1)
FN:10,(anonymous_2)
FN:11,(anonymous_3)
FNF:4
FNH:4
FNDA:19,parse
FNDA:110,(anonymous_1)
FNDA:110,(anonymous_2)
FNDA:67,(anonymous_3)
DA:2,19
DA:3,2
DA:6,17
DA:9,110
DA:10,110
DA:11,67
DA:17,4
LF:7
LH:7
BRDA:2,0,0,2
BRDA:2,0,1,17
BRF:2
BRH:2
end_of_record
TN:
SF:/Users/andrevale/node/gherkish/src/run.js
FN:4,(anonymous_0)
FN:12,(anonymous_1)
FN:14,(anonymous_2)
FN:47,(anonymous_3)
FNF:4
FNH:4
FNDA:13,(anonymous_0)
FNDA:37,(anonymous_1)
FNDA:37,(anonymous_2)
FNDA:25,(anonymous_3)
DA:1,10
DA:2,10
DA:4,10
DA:5,13
DA:7,13
DA:9,13
DA:11,13
DA:12,37
DA:15,37
DA:17,37
DA:18,1
DA:21,36
DA:22,80
DA:24,80
DA:26,80
DA:27,80
DA:28,80
DA:29,80
DA:31,80
DA:32,150
DA:33,150
DA:34,150
DA:35,150
DA:38,80
DA:39,3
DA:42,77
DA:44,77
DA:47,25
DA:49,77
LF:29
LH:29
BRDA:5,0,0,13
BRDA:5,0,1,5
BRDA:17,1,0,1
BRDA:17,1,1,36
BRDA:36,2,0,150
BRDA:36,2,1,147
BRDA:38,3,0,3
BRDA:38,3,1,77
BRDA:38,4,0,80
BRDA:38,4,1,77
BRF:10
BRH:10
end_of_record
