TN:
SF:/Users/andrevale/node/cucamelon/lib/document.js
FN:7,(anonymous_0)
FN:24,(anonymous_1)
FN:26,(anonymous_2)
FN:30,(anonymous_3)
FN:31,(anonymous_4)
FNF:5
FNH:5
FNDA:2,(anonymous_0)
FNDA:13,(anonymous_1)
FNDA:2,(anonymous_2)
FNDA:15,(anonymous_3)
FNDA:2,(anonymous_4)
DA:1,4
DA:2,4
DA:3,4
DA:5,4
DA:7,4
DA:8,2
DA:10,2
DA:11,5
DA:12,5
DA:13,3
DA:14,3
DA:16,2
DA:20,2
DA:22,2
DA:24,13
DA:26,2
DA:28,2
DA:30,15
DA:31,2
DA:34,2
LF:20
LH:20
BRDA:12,0,0,3
BRDA:12,0,1,2
BRDA:24,1,0,2
BRDA:24,1,1,2
BRDA:24,2,0,13
BRDA:24,2,1,2
BRDA:26,3,0,2
BRDA:26,3,1,2
BRDA:30,4,0,2
BRDA:30,4,1,2
BRF:10
BRH:10
end_of_record
TN:
SF:/Users/andrevale/node/cucamelon/lib/index.js
FNF:0
FNH:0
DA:1,3
DA:2,3
DA:4,3
LF:3
LH:3
BRF:0
BRH:0
end_of_record
TN:
SF:/Users/andrevale/node/cucamelon/lib/it.js
FN:1,(anonymous_0)
FNF:1
FNH:1
FNDA:4,(anonymous_0)
DA:1,4
LF:1
LH:1
BRDA:1,0,0,4
BRDA:1,0,1,2
BRF:2
BRH:2
end_of_record
TN:
SF:/Users/andrevale/node/cucamelon/lib/parse.js
FN:3,(anonymous_0)
FNF:1
FNH:1
FNDA:15,(anonymous_0)
DA:1,4
DA:3,4
DA:4,15
DA:5,2
DA:8,13
LF:5
LH:5
BRDA:4,0,0,2
BRDA:4,0,1,13
BRDA:8,1,0,13
BRDA:8,1,1,2
BRF:4
BRH:4
end_of_record
TN:
SF:/Users/andrevale/node/cucamelon/lib/run.js
FN:5,(anonymous_0)
FN:6,(anonymous_1)
FN:11,(anonymous_2)
FN:13,(anonymous_3)
FN:14,(anonymous_4)
FN:15,(anonymous_5)
FN:20,(anonymous_6)
FN:34,(anonymous_7)
FN:51,findImplementation
FN:73,extractArguments
FN:77,(anonymous_10)
FN:84,(anonymous_11)
FNF:12
FNH:12
FNDA:12,(anonymous_0)
FNDA:12,(anonymous_1)
FNDA:74,(anonymous_2)
FNDA:28,(anonymous_3)
FNDA:56,(anonymous_4)
FNDA:28,(anonymous_5)
FNDA:28,(anonymous_6)
FNDA:56,(anonymous_7)
FNDA:56,findImplementation
FNDA:53,extractArguments
FNDA:25,(anonymous_10)
FNDA:8,(anonymous_11)
DA:1,11
DA:2,11
DA:3,11
DA:5,11
DA:6,12
DA:7,12
DA:9,12
DA:11,74
DA:13,12
DA:14,56
DA:15,28
DA:16,28
DA:18,28
DA:21,28
DA:23,28
DA:25,28
DA:26,1
DA:29,27
DA:31,27
DA:32,56
DA:34,56
DA:36,56
DA:42,53
DA:44,53
DA:53,56
DA:57,56
DA:58,100
DA:59,100
DA:60,100
DA:61,100
DA:64,56
DA:65,3
DA:68,53
DA:70,53
DA:74,53
DA:78,25
DA:80,25
DA:81,8
DA:83,8
DA:84,8
DA:88,17
LF:41
LH:41
BRDA:7,0,0,12
BRDA:7,0,1,5
BRDA:7,0,2,1
BRDA:9,1,0,12
BRDA:9,1,1,7
BRDA:11,2,0,12
BRDA:11,2,1,11
BRDA:13,3,0,12
BRDA:13,3,1,11
BRDA:14,4,0,56
BRDA:14,4,1,28
BRDA:25,5,0,1
BRDA:25,5,1,27
BRDA:62,6,0,100
BRDA:62,6,1,97
BRDA:64,7,0,3
BRDA:64,7,1,53
BRDA:64,8,0,56
BRDA:64,8,1,53
BRDA:80,9,0,8
BRDA:80,9,1,17
BRF:21
BRH:21
end_of_record
TN:
SF:/Users/andrevale/node/cucamelon/lib/suite.js
FN:1,(anonymous_0)
FNF:1
FNH:1
FNDA:4,(anonymous_0)
DA:1,4
LF:1
LH:1
BRDA:1,0,0,4
BRDA:1,0,1,2
BRF:2
BRH:2
end_of_record
